\BOOKMARK [1][-]{section.1}{Theoretical background}{}% 1
\BOOKMARK [2][-]{subsection.1.1}{Conducting properties}{section.1}% 2
\BOOKMARK [2][-]{subsection.1.2}{Expansion of waves in homogeneous cables}{section.1}% 3
\BOOKMARK [2][-]{subsection.1.3}{Phase velocity and wave resistance}{section.1}% 4
\BOOKMARK [2][-]{subsection.1.4}{Cable termination and adjustment}{section.1}% 5
\BOOKMARK [1][-]{section.2}{Preperational exercises}{}% 6
\BOOKMARK [2][-]{subsection.2.1}{1.A}{section.2}% 7
\BOOKMARK [2][-]{subsection.2.2}{1.B}{section.2}% 8
\BOOKMARK [2][-]{subsection.2.3}{1.C}{section.2}% 9
\BOOKMARK [2][-]{subsection.2.4}{1.D}{section.2}% 10
\BOOKMARK [1][-]{section.3}{Procedure}{}% 11
\BOOKMARK [2][-]{subsection.3.1}{1.5.1 Differentiator}{section.3}% 12
\BOOKMARK [2][-]{subsection.3.2}{1.5.2 Pulses in cables}{section.3}% 13
\BOOKMARK [2][-]{subsection.3.3}{1.5.3 Cable termination, delay}{section.3}% 14
\BOOKMARK [3][-]{subsubsection.3.3.1}{a\)/b\)}{subsection.3.3}% 15
\BOOKMARK [3][-]{subsubsection.3.3.2}{c\)}{subsection.3.3}% 16
\BOOKMARK [3][-]{subsubsection.3.3.3}{d\)}{subsection.3.3}% 17
\BOOKMARK [2][-]{subsection.3.4}{1.5.4 Clipcable, damping}{section.3}% 18
\BOOKMARK [3][-]{subsubsection.3.4.1}{a\)}{subsection.3.4}% 19
\BOOKMARK [3][-]{subsubsection.3.4.2}{b\)}{subsection.3.4}% 20
\BOOKMARK [3][-]{subsubsection.3.4.3}{c\)/d\)}{subsection.3.4}% 21
\BOOKMARK [3][-]{subsubsection.3.4.4}{e\)}{subsection.3.4}% 22
\BOOKMARK [2][-]{subsection.3.5}{1.5.5 50 [ohm]-Cable RG-58 C/U}{section.3}% 23
\BOOKMARK [1][-]{section.4}{Measurement}{}% 24
\BOOKMARK [2][-]{subsection.4.1}{1.5.1}{section.4}% 25
\BOOKMARK [2][-]{subsection.4.2}{1.5.2}{section.4}% 26
\BOOKMARK [2][-]{subsection.4.3}{1.5.3}{section.4}% 27
\BOOKMARK [3][-]{subsubsection.4.3.1}{a\)/b\)}{subsection.4.3}% 28
\BOOKMARK [3][-]{subsubsection.4.3.2}{c\)}{subsection.4.3}% 29
\BOOKMARK [1][-]{section.5}{Evaluation}{}% 30
\BOOKMARK [2][-]{subsection.5.1}{1.5.1}{section.5}% 31
