\BOOKMARK [1][-]{section.1}{Aims of the experiment}{}% 1
\BOOKMARK [1][-]{section.2}{Theoretical background}{}% 2
\BOOKMARK [2][-]{subsection.2.1}{Amplitudes of AC voltage}{section.2}% 3
\BOOKMARK [2][-]{subsection.2.2}{Measuring instruments}{section.2}% 4
\BOOKMARK [3][-]{subsubsection.2.2.1}{Measuring unit}{subsection.2.2}% 5
\BOOKMARK [3][-]{subsubsection.2.2.2}{Displaying unit}{subsection.2.2}% 6
\BOOKMARK [2][-]{subsection.2.3}{The oscilloscope}{section.2}% 7
\BOOKMARK [1][-]{section.3}{Preperational exercises}{}% 8
\BOOKMARK [2][-]{subsection.3.1}{0.2.1.A}{section.3}% 9
\BOOKMARK [2][-]{subsection.3.2}{0.2.1.B}{section.3}% 10
\BOOKMARK [2][-]{subsection.3.3}{0.2.2.C}{section.3}% 11
\BOOKMARK [3][-]{subsubsection.3.3.1}{0.2.2.C.1}{subsection.3.3}% 12
\BOOKMARK [3][-]{subsubsection.3.3.2}{0.2.2.C.2}{subsection.3.3}% 13
\BOOKMARK [2][-]{subsection.3.4}{0.3.3.E}{section.3}% 14
\BOOKMARK [1][-]{section.4}{Procedure}{}% 15
\BOOKMARK [2][-]{subsection.4.1}{0.4.1.a}{section.4}% 16
\BOOKMARK [2][-]{subsection.4.2}{0.4.1.b}{section.4}% 17
\BOOKMARK [1][-]{section.5}{Measurement}{}% 18
\BOOKMARK [2][-]{subsection.5.1}{0.4.1.a}{section.5}% 19
\BOOKMARK [2][-]{subsection.5.2}{0.4.1.b}{section.5}% 20
\BOOKMARK [1][-]{section.6}{Evaluation}{}% 21
\BOOKMARK [1][-]{section.7}{Conclusion}{}% 22
